<?xml version="1.0" encoding="UTF-8"?>
<!-- Generated by org.testng.reporters.JUnitXMLReporter -->
<testsuite hostname="DESKTOP-7H8BUQL" ignored="0" name="Test" tests="2" failures="2" timestamp="2020-12-05T15:48:23 IST" time="177.549" errors="0">
  <testcase name="AddServiceinItemDetails" time="26.753" classname="com.VTiger.Invoice.TC11AddServiceinItemDetailsTest">
    <failure type="java.lang.AssertionError" message="expected [vtiger CRM 5 - Commercial Open Source CRM] but found [Administrator - Home - vtiger CRM 5 - Commercial Open Source CRM]">
      <![CDATA[java.lang.AssertionError: expected [vtiger CRM 5 - Commercial Open Source CRM] but found [Administrator - Home - vtiger CRM 5 - Commercial Open Source CRM]
at com.VTiger.genricLibraries.WebDriverCommonLib.verify(WebDriverCommonLib.java:25)
at com.VTiger.genricLibraries.BaseTest.VerifylogOut(BaseTest.java:98)
at com.VTiger.Invoice.TC11AddServiceinItemDetailsTest.AddServiceinItemDetails(TC11AddServiceinItemDetailsTest.java:84)
at java.util.ArrayList.forEach(Unknown Source)
... Removed 33 stack frames]]>
    </failure>
  </testcase> <!-- AddServiceinItemDetails -->
  <testcase name="addMoreProducts" time="25.097" classname="com.VTiger.Invoice.TC10AddMoreProductSinItemDetailsTest">
    <failure type="java.lang.AssertionError" message="expected [vtiger CRM 5 - Commercial Open Source CRM] but found [Administrator - Home - vtiger CRM 5 - Commercial Open Source CRM]">
      <![CDATA[java.lang.AssertionError: expected [vtiger CRM 5 - Commercial Open Source CRM] but found [Administrator - Home - vtiger CRM 5 - Commercial Open Source CRM]
at com.VTiger.genricLibraries.WebDriverCommonLib.verify(WebDriverCommonLib.java:25)
at com.VTiger.genricLibraries.BaseTest.VerifylogOut(BaseTest.java:98)
at com.VTiger.Invoice.TC10AddMoreProductSinItemDetailsTest.addMoreProducts(TC10AddMoreProductSinItemDetailsTest.java:79)
at java.util.ArrayList.forEach(Unknown Source)
... Removed 33 stack frames]]>
    </failure>
  </testcase> <!-- addMoreProducts -->
</testsuite> <!-- Test -->
