<?xml version="1.0" encoding="UTF-8"?>
<testng-results skipped="0" failed="0" ignored="0" total="1" passed="1">
  <reporter-output>
    <line>
      <![CDATA[Default test method Started]]>
    </line>
    <line>
      <![CDATA[addMoreProducts method Started]]>
    </line>
    <line>
      <![CDATA[HomePage 'Administrator - Home - vtiger CRM 5 - Commercial Open Source CRM' is verified Successfully ]]>
    </line>
    <line>
      <![CDATA[InvoicePage 'Administrator - Invoice - vtiger CRM 5 - Commercial Open Source CRM' is verified Successfully ]]>
    </line>
    <line>
      <![CDATA[CreateInvoicePage 'Creating New Invoice' is verified Successfully ]]>
    </line>
    <line>
      <![CDATA[New Products details fields display]]>
    </line>
    <line>
      <![CDATA[ProductsPopUpWindowPage 'Products' is verified Successfully ]]>
    </line>
    <line>
      <![CDATA[selectedProduct 'abcd1234' is verified Successfully ]]>
    </line>
    <line>
      <![CDATA[LogoutPage 'vtiger CRM 5 - Commercial Open Source CRM' is verified Successfully ]]>
    </line>
    <line>
      <![CDATA[addMoreProducts method success]]>
    </line>
  </reporter-output>
  <suite name="Default suite" duration-ms="42748" started-at="2020-12-05T15:54:32 IST" finished-at="2020-12-05T15:55:14 IST">
    <groups>
    </groups>
    <test name="Default test" duration-ms="42748" started-at="2020-12-05T15:54:32 IST" finished-at="2020-12-05T15:55:14 IST">
      <class name="com.VTiger.Invoice.TC10AddMoreProductSinItemDetailsTest">
        <test-method status="PASS" signature="openBrowser()[pri:0, instance:com.VTiger.Invoice.TC10AddMoreProductSinItemDetailsTest@1d29cf23]" name="openBrowser" is-config="true" duration-ms="8865" started-at="2020-12-05T15:54:32 IST" finished-at="2020-12-05T15:54:41 IST">
          <reporter-output>
          </reporter-output>
        </test-method> <!-- openBrowser -->
        <test-method status="PASS" signature="addMoreProducts()[pri:0, instance:com.VTiger.Invoice.TC10AddMoreProductSinItemDetailsTest@1d29cf23]" name="addMoreProducts" duration-ms="23044" started-at="2020-12-05T15:54:41 IST" finished-at="2020-12-05T15:55:04 IST">
          <reporter-output>
            <line>
              <![CDATA[addMoreProducts method Started]]>
            </line>
            <line>
              <![CDATA[HomePage 'Administrator - Home - vtiger CRM 5 - Commercial Open Source CRM' is verified Successfully ]]>
            </line>
            <line>
              <![CDATA[InvoicePage 'Administrator - Invoice - vtiger CRM 5 - Commercial Open Source CRM' is verified Successfully ]]>
            </line>
            <line>
              <![CDATA[CreateInvoicePage 'Creating New Invoice' is verified Successfully ]]>
            </line>
            <line>
              <![CDATA[New Products details fields display]]>
            </line>
            <line>
              <![CDATA[ProductsPopUpWindowPage 'Products' is verified Successfully ]]>
            </line>
            <line>
              <![CDATA[selectedProduct 'abcd1234' is verified Successfully ]]>
            </line>
            <line>
              <![CDATA[LogoutPage 'vtiger CRM 5 - Commercial Open Source CRM' is verified Successfully ]]>
            </line>
            <line>
              <![CDATA[addMoreProducts method success]]>
            </line>
          </reporter-output>
        </test-method> <!-- addMoreProducts -->
        <test-method status="PASS" signature="close()[pri:0, instance:com.VTiger.Invoice.TC10AddMoreProductSinItemDetailsTest@1d29cf23]" name="close" is-config="true" duration-ms="10759" started-at="2020-12-05T15:55:04 IST" finished-at="2020-12-05T15:55:14 IST">
          <reporter-output>
          </reporter-output>
        </test-method> <!-- close -->
      </class> <!-- com.VTiger.Invoice.TC10AddMoreProductSinItemDetailsTest -->
    </test> <!-- Default test -->
  </suite> <!-- Default suite -->
</testng-results>
